<?xml version="1.0" encoding="UTF-8"?>
<!-- Generated by org.testng.reporters.JUnitReportReporter -->
<testsuite hostname="DwikiOlajuwon" failures="0" tests="1" name="com.AutomationTask.demoDwiki.TestCase1" time="15.857" errors="0" timestamp="13 Sep 2022 13:40:11 GMT" skipped="0">
  <testcase classname="com.AutomationTask.demoDwiki.TestCase1" name="Test1" time="15.857"/>
</testsuite> <!-- com.AutomationTask.demoDwiki.TestCase1 -->
